<?xml version="1.0" encoding="UTF-8"?>
<testsuite xmlns:xsi="http://www.w3.org/2001/XMLSchema-instance" xsi:noNamespaceSchemaLocation="https://maven.apache.org/surefire/maven-surefire-plugin/xsd/surefire-test-report.xsd" name="com.bopuniv.server.unitTest.TestingWebApplicationTests" time="12.805" tests="1" errors="0" skipped="0" failures="0">
  <properties>
    <property name="gopherProxySet" value="false"/>
    <property name="awt.toolkit" value="sun.lwawt.macosx.LWCToolkit"/>
    <property name="java.specification.version" value="11"/>
    <property name="sun.cpu.isalist" value=""/>
    <property name="sun.jnu.encoding" value="UTF-8"/>
    <property name="java.class.path" value="/Users/stephanepiedjousimen/Documents/Personal/Consultancies/BopUniv/BopUniv_server/target/test-classes:/Users/stephanepiedjousimen/Documents/Personal/Consultancies/BopUniv/BopUniv_server/target/classes:/Users/stephanepiedjousimen/.m2/repository/org/springframework/boot/spring-boot-starter-actuator/2.2.8.BUILD-SNAPSHOT/spring-boot-starter-actuator-2.2.8.BUILD-SNAPSHOT.jar:/Users/stephanepiedjousimen/.m2/repository/org/springframework/boot/spring-boot-starter/2.2.8.BUILD-SNAPSHOT/spring-boot-starter-2.2.8.BUILD-SNAPSHOT.jar:/Users/stephanepiedjousimen/.m2/repository/org/springframework/boot/spring-boot-starter-logging/2.2.8.BUILD-SNAPSHOT/spring-boot-starter-logging-2.2.8.BUILD-SNAPSHOT.jar:/Users/stephanepiedjousimen/.m2/repository/ch/qos/logback/logback-classic/1.2.3/logback-classic-1.2.3.jar:/Users/stephanepiedjousimen/.m2/repository/ch/qos/logback/logback-core/1.2.3/logback-core-1.2.3.jar:/Users/stephanepiedjousimen/.m2/repository/org/apache/logging/log4j/log4j-to-slf4j/2.12.1/log4j-to-slf4j-2.12.1.jar:/Users/stephanepiedjousimen/.m2/repository/org/apache/logging/log4j/log4j-api/2.12.1/log4j-api-2.12.1.jar:/Users/stephanepiedjousimen/.m2/repository/org/slf4j/jul-to-slf4j/1.7.30/jul-to-slf4j-1.7.30.jar:/Users/stephanepiedjousimen/.m2/repository/jakarta/annotation/jakarta.annotation-api/1.3.5/jakarta.annotation-api-1.3.5.jar:/Users/stephanepiedjousimen/.m2/repository/org/springframework/boot/spring-boot-actuator-autoconfigure/2.2.8.BUILD-SNAPSHOT/spring-boot-actuator-autoconfigure-2.2.8.BUILD-SNAPSHOT.jar:/Users/stephanepiedjousimen/.m2/repository/org/springframework/boot/spring-boot-actuator/2.2.8.BUILD-SNAPSHOT/spring-boot-actuator-2.2.8.BUILD-SNAPSHOT.jar:/Users/stephanepiedjousimen/.m2/repository/org/springframework/spring-context/5.2.7.RELEASE/spring-context-5.2.7.RELEASE.jar:/Users/stephanepiedjousimen/.m2/repository/com/fasterxml/jackson/datatype/jackson-datatype-jsr310/2.10.4/jackson-datatype-jsr310-2.10.4.jar:/Users/stephanepiedjousimen/.m2/repository/io/micrometer/micrometer-core/1.3.9/micrometer-core-1.3.9.jar:/Users/stephanepiedjousimen/.m2/repository/org/hdrhistogram/HdrHistogram/2.1.11/HdrHistogram-2.1.11.jar:/Users/stephanepiedjousimen/.m2/repository/org/latencyutils/LatencyUtils/2.0.3/LatencyUtils-2.0.3.jar:/Users/stephanepiedjousimen/.m2/repository/org/springframework/boot/spring-boot-starter-data-jpa/2.2.8.BUILD-SNAPSHOT/spring-boot-starter-data-jpa-2.2.8.BUILD-SNAPSHOT.jar:/Users/stephanepiedjousimen/.m2/repository/org/springframework/boot/spring-boot-starter-aop/2.2.8.BUILD-SNAPSHOT/spring-boot-starter-aop-2.2.8.BUILD-SNAPSHOT.jar:/Users/stephanepiedjousimen/.m2/repository/org/aspectj/aspectjweaver/1.9.5/aspectjweaver-1.9.5.jar:/Users/stephanepiedjousimen/.m2/repository/org/springframework/boot/spring-boot-starter-jdbc/2.2.8.BUILD-SNAPSHOT/spring-boot-starter-jdbc-2.2.8.BUILD-SNAPSHOT.jar:/Users/stephanepiedjousimen/.m2/repository/com/zaxxer/HikariCP/3.4.5/HikariCP-3.4.5.jar:/Users/stephanepiedjousimen/.m2/repository/org/springframework/spring-jdbc/5.2.7.RELEASE/spring-jdbc-5.2.7.RELEASE.jar:/Users/stephanepiedjousimen/.m2/repository/jakarta/persistence/jakarta.persistence-api/2.2.3/jakarta.persistence-api-2.2.3.jar:/Users/stephanepiedjousimen/.m2/repository/jakarta/transaction/jakarta.transaction-api/1.3.3/jakarta.transaction-api-1.3.3.jar:/Users/stephanepiedjousimen/.m2/repository/org/hibernate/hibernate-core/5.4.17.Final/hibernate-core-5.4.17.Final.jar:/Users/stephanepiedjousimen/.m2/repository/org/jboss/logging/jboss-logging/3.4.1.Final/jboss-logging-3.4.1.Final.jar:/Users/stephanepiedjousimen/.m2/repository/org/javassist/javassist/3.24.0-GA/javassist-3.24.0-GA.jar:/Users/stephanepiedjousimen/.m2/repository/net/bytebuddy/byte-buddy/1.10.11/byte-buddy-1.10.11.jar:/Users/stephanepiedjousimen/.m2/repository/antlr/antlr/2.7.7/antlr-2.7.7.jar:/Users/stephanepiedjousimen/.m2/repository/org/jboss/jandex/2.1.3.Final/jandex-2.1.3.Final.jar:/Users/stephanepiedjousimen/.m2/repository/com/fasterxml/classmate/1.5.1/classmate-1.5.1.jar:/Users/stephanepiedjousimen/.m2/repository/org/dom4j/dom4j/2.1.3/dom4j-2.1.3.jar:/Users/stephanepiedjousimen/.m2/repository/org/hibernate/common/hibernate-commons-annotations/5.1.0.Final/hibernate-commons-annotations-5.1.0.Final.jar:/Users/stephanepiedjousimen/.m2/repository/org/glassfish/jaxb/jaxb-runtime/2.3.3/jaxb-runtime-2.3.3.jar:/Users/stephanepiedjousimen/.m2/repository/org/glassfish/jaxb/txw2/2.3.3/txw2-2.3.3.jar:/Users/stephanepiedjousimen/.m2/repository/com/sun/istack/istack-commons-runtime/3.0.11/istack-commons-runtime-3.0.11.jar:/Users/stephanepiedjousimen/.m2/repository/org/springframework/data/spring-data-jpa/2.2.8.RELEASE/spring-data-jpa-2.2.8.RELEASE.jar:/Users/stephanepiedjousimen/.m2/repository/org/springframework/data/spring-data-commons/2.2.8.RELEASE/spring-data-commons-2.2.8.RELEASE.jar:/Users/stephanepiedjousimen/.m2/repository/org/springframework/spring-orm/5.2.7.RELEASE/spring-orm-5.2.7.RELEASE.jar:/Users/stephanepiedjousimen/.m2/repository/org/springframework/spring-tx/5.2.7.RELEASE/spring-tx-5.2.7.RELEASE.jar:/Users/stephanepiedjousimen/.m2/repository/org/springframework/spring-beans/5.2.7.RELEASE/spring-beans-5.2.7.RELEASE.jar:/Users/stephanepiedjousimen/.m2/repository/org/springframework/spring-aspects/5.2.7.RELEASE/spring-aspects-5.2.7.RELEASE.jar:/Users/stephanepiedjousimen/.m2/repository/org/springframework/boot/spring-boot-starter-data-rest/2.2.8.BUILD-SNAPSHOT/spring-boot-starter-data-rest-2.2.8.BUILD-SNAPSHOT.jar:/Users/stephanepiedjousimen/.m2/repository/org/springframework/data/spring-data-rest-webmvc/3.2.8.RELEASE/spring-data-rest-webmvc-3.2.8.RELEASE.jar:/Users/stephanepiedjousimen/.m2/repository/org/springframework/data/spring-data-rest-core/3.2.8.RELEASE/spring-data-rest-core-3.2.8.RELEASE.jar:/Users/stephanepiedjousimen/.m2/repository/org/atteo/evo-inflector/1.2.2/evo-inflector-1.2.2.jar:/Users/stephanepiedjousimen/.m2/repository/org/springframework/boot/spring-boot-starter-hateoas/2.2.8.BUILD-SNAPSHOT/spring-boot-starter-hateoas-2.2.8.BUILD-SNAPSHOT.jar:/Users/stephanepiedjousimen/.m2/repository/org/springframework/hateoas/spring-hateoas/1.0.5.RELEASE/spring-hateoas-1.0.5.RELEASE.jar:/Users/stephanepiedjousimen/.m2/repository/org/springframework/plugin/spring-plugin-core/2.0.0.RELEASE/spring-plugin-core-2.0.0.RELEASE.jar:/Users/stephanepiedjousimen/.m2/repository/org/springframework/boot/spring-boot-starter-mail/2.2.8.BUILD-SNAPSHOT/spring-boot-starter-mail-2.2.8.BUILD-SNAPSHOT.jar:/Users/stephanepiedjousimen/.m2/repository/org/springframework/spring-context-support/5.2.7.RELEASE/spring-context-support-5.2.7.RELEASE.jar:/Users/stephanepiedjousimen/.m2/repository/com/sun/mail/jakarta.mail/1.6.5/jakarta.mail-1.6.5.jar:/Users/stephanepiedjousimen/.m2/repository/com/sun/activation/jakarta.activation/1.2.2/jakarta.activation-1.2.2.jar:/Users/stephanepiedjousimen/.m2/repository/org/springframework/boot/spring-boot-starter-security/2.2.8.BUILD-SNAPSHOT/spring-boot-starter-security-2.2.8.BUILD-SNAPSHOT.jar:/Users/stephanepiedjousimen/.m2/repository/org/springframework/spring-aop/5.2.7.RELEASE/spring-aop-5.2.7.RELEASE.jar:/Users/stephanepiedjousimen/.m2/repository/org/springframework/security/spring-security-config/5.2.5.RELEASE/spring-security-config-5.2.5.RELEASE.jar:/Users/stephanepiedjousimen/.m2/repository/org/springframework/security/spring-security-web/5.2.5.RELEASE/spring-security-web-5.2.5.RELEASE.jar:/Users/stephanepiedjousimen/.m2/repository/org/springframework/spring-expression/5.2.7.RELEASE/spring-expression-5.2.7.RELEASE.jar:/Users/stephanepiedjousimen/.m2/repository/org/thymeleaf/extras/thymeleaf-extras-springsecurity5/3.0.4.RELEASE/thymeleaf-extras-springsecurity5-3.0.4.RELEASE.jar:/Users/stephanepiedjousimen/.m2/repository/org/slf4j/slf4j-api/1.7.30/slf4j-api-1.7.30.jar:/Users/stephanepiedjousimen/.m2/repository/org/springframework/boot/spring-boot-starter-web/2.2.8.BUILD-SNAPSHOT/spring-boot-starter-web-2.2.8.BUILD-SNAPSHOT.jar:/Users/stephanepiedjousimen/.m2/repository/org/springframework/boot/spring-boot-starter-json/2.2.8.BUILD-SNAPSHOT/spring-boot-starter-json-2.2.8.BUILD-SNAPSHOT.jar:/Users/stephanepiedjousimen/.m2/repository/com/fasterxml/jackson/datatype/jackson-datatype-jdk8/2.10.4/jackson-datatype-jdk8-2.10.4.jar:/Users/stephanepiedjousimen/.m2/repository/com/fasterxml/jackson/module/jackson-module-parameter-names/2.10.4/jackson-module-parameter-names-2.10.4.jar:/Users/stephanepiedjousimen/.m2/repository/org/springframework/boot/spring-boot-starter-tomcat/2.2.8.BUILD-SNAPSHOT/spring-boot-starter-tomcat-2.2.8.BUILD-SNAPSHOT.jar:/Users/stephanepiedjousimen/.m2/repository/org/apache/tomcat/embed/tomcat-embed-core/9.0.36/tomcat-embed-core-9.0.36.jar:/Users/stephanepiedjousimen/.m2/repository/org/apache/tomcat/embed/tomcat-embed-websocket/9.0.36/tomcat-embed-websocket-9.0.36.jar:/Users/stephanepiedjousimen/.m2/repository/org/springframework/spring-web/5.2.7.RELEASE/spring-web-5.2.7.RELEASE.jar:/Users/stephanepiedjousimen/.m2/repository/org/springframework/spring-webmvc/5.2.7.RELEASE/spring-webmvc-5.2.7.RELEASE.jar:/Users/stephanepiedjousimen/.m2/repository/com/amazonaws/aws-java-sdk-ses/1.11.415/aws-java-sdk-ses-1.11.415.jar:/Users/stephanepiedjousimen/.m2/repository/com/amazonaws/aws-java-sdk-core/1.11.415/aws-java-sdk-core-1.11.415.jar:/Users/stephanepiedjousimen/.m2/repository/software/amazon/ion/ion-java/1.0.2/ion-java-1.0.2.jar:/Users/stephanepiedjousimen/.m2/repository/com/fasterxml/jackson/dataformat/jackson-dataformat-cbor/2.10.4/jackson-dataformat-cbor-2.10.4.jar:/Users/stephanepiedjousimen/.m2/repository/joda-time/joda-time/2.10.6/joda-time-2.10.6.jar:/Users/stephanepiedjousimen/.m2/repository/com/amazonaws/jmespath-java/1.11.415/jmespath-java-1.11.415.jar:/Users/stephanepiedjousimen/.m2/repository/org/springframework/boot/spring-boot-starter-validation/2.2.8.BUILD-SNAPSHOT/spring-boot-starter-validation-2.2.8.BUILD-SNAPSHOT.jar:/Users/stephanepiedjousimen/.m2/repository/jakarta/validation/jakarta.validation-api/2.0.2/jakarta.validation-api-2.0.2.jar:/Users/stephanepiedjousimen/.m2/repository/org/apache/tomcat/embed/tomcat-embed-el/9.0.36/tomcat-embed-el-9.0.36.jar:/Users/stephanepiedjousimen/.m2/repository/org/hibernate/validator/hibernate-validator/6.0.20.Final/hibernate-validator-6.0.20.Final.jar:/Users/stephanepiedjousimen/.m2/repository/org/springframework/boot/spring-boot-starter-thymeleaf/2.2.8.BUILD-SNAPSHOT/spring-boot-starter-thymeleaf-2.2.8.BUILD-SNAPSHOT.jar:/Users/stephanepiedjousimen/.m2/repository/org/thymeleaf/thymeleaf-spring5/3.0.11.RELEASE/thymeleaf-spring5-3.0.11.RELEASE.jar:/Users/stephanepiedjousimen/.m2/repository/org/thymeleaf/thymeleaf/3.0.11.RELEASE/thymeleaf-3.0.11.RELEASE.jar:/Users/stephanepiedjousimen/.m2/repository/org/attoparser/attoparser/2.0.5.RELEASE/attoparser-2.0.5.RELEASE.jar:/Users/stephanepiedjousimen/.m2/repository/org/unbescape/unbescape/1.1.6.RELEASE/unbescape-1.1.6.RELEASE.jar:/Users/stephanepiedjousimen/.m2/repository/org/thymeleaf/extras/thymeleaf-extras-java8time/3.0.4.RELEASE/thymeleaf-extras-java8time-3.0.4.RELEASE.jar:/Users/stephanepiedjousimen/.m2/repository/org/springframework/session/spring-session-core/2.2.2.RELEASE/spring-session-core-2.2.2.RELEASE.jar:/Users/stephanepiedjousimen/.m2/repository/org/springframework/spring-jcl/5.2.7.RELEASE/spring-jcl-5.2.7.RELEASE.jar:/Users/stephanepiedjousimen/.m2/repository/org/springframework/boot/spring-boot-devtools/2.2.8.BUILD-SNAPSHOT/spring-boot-devtools-2.2.8.BUILD-SNAPSHOT.jar:/Users/stephanepiedjousimen/.m2/repository/org/springframework/boot/spring-boot/2.2.8.BUILD-SNAPSHOT/spring-boot-2.2.8.BUILD-SNAPSHOT.jar:/Users/stephanepiedjousimen/.m2/repository/org/springframework/boot/spring-boot-autoconfigure/2.2.8.BUILD-SNAPSHOT/spring-boot-autoconfigure-2.2.8.BUILD-SNAPSHOT.jar:/Users/stephanepiedjousimen/.m2/repository/com/h2database/h2/1.4.200/h2-1.4.200.jar:/Users/stephanepiedjousimen/.m2/repository/mysql/mysql-connector-java/8.0.20/mysql-connector-java-8.0.20.jar:/Users/stephanepiedjousimen/.m2/repository/org/jboss/aerogear/aerogear-otp-java/1.0.0/aerogear-otp-java-1.0.0.jar:/Users/stephanepiedjousimen/.m2/repository/com/maxmind/geoip2/geoip2/2.12.0/geoip2-2.12.0.jar:/Users/stephanepiedjousimen/.m2/repository/com/maxmind/db/maxmind-db/1.2.2/maxmind-db-1.2.2.jar:/Users/stephanepiedjousimen/.m2/repository/org/apache/httpcomponents/httpclient/4.5.12/httpclient-4.5.12.jar:/Users/stephanepiedjousimen/.m2/repository/org/apache/httpcomponents/httpcore/4.4.13/httpcore-4.4.13.jar:/Users/stephanepiedjousimen/.m2/repository/commons-codec/commons-codec/1.13/commons-codec-1.13.jar:/Users/stephanepiedjousimen/.m2/repository/com/fasterxml/jackson/core/jackson-databind/2.10.4/jackson-databind-2.10.4.jar:/Users/stephanepiedjousimen/.m2/repository/com/fasterxml/jackson/core/jackson-core/2.10.4/jackson-core-2.10.4.jar:/Users/stephanepiedjousimen/.m2/repository/com/fasterxml/jackson/core/jackson-annotations/2.10.4/jackson-annotations-2.10.4.jar:/Users/stephanepiedjousimen/.m2/repository/com/github/ua-parser/uap-java/1.4.0/uap-java-1.4.0.jar:/Users/stephanepiedjousimen/.m2/repository/org/yaml/snakeyaml/1.25/snakeyaml-1.25.jar:/Users/stephanepiedjousimen/.m2/repository/org/apache/commons/commons-collections4/4.1/commons-collections4-4.1.jar:/Users/stephanepiedjousimen/.m2/repository/javax/el/el-api/2.2/el-api-2.2.jar:/Users/stephanepiedjousimen/.m2/repository/org/passay/passay/1.0/passay-1.0.jar:/Users/stephanepiedjousimen/.m2/repository/org/cryptacular/cryptacular/1.0/cryptacular-1.0.jar:/Users/stephanepiedjousimen/.m2/repository/org/bouncycastle/bcprov-jdk15on/1.50/bcprov-jdk15on-1.50.jar:/Users/stephanepiedjousimen/.m2/repository/com/google/guava/guava/20.0/guava-20.0.jar:/Users/stephanepiedjousimen/.m2/repository/org/springframework/boot/spring-boot-starter-test/2.2.8.BUILD-SNAPSHOT/spring-boot-starter-test-2.2.8.BUILD-SNAPSHOT.jar:/Users/stephanepiedjousimen/.m2/repository/org/springframework/boot/spring-boot-test/2.2.8.BUILD-SNAPSHOT/spring-boot-test-2.2.8.BUILD-SNAPSHOT.jar:/Users/stephanepiedjousimen/.m2/repository/org/springframework/boot/spring-boot-test-autoconfigure/2.2.8.BUILD-SNAPSHOT/spring-boot-test-autoconfigure-2.2.8.BUILD-SNAPSHOT.jar:/Users/stephanepiedjousimen/.m2/repository/com/jayway/jsonpath/json-path/2.4.0/json-path-2.4.0.jar:/Users/stephanepiedjousimen/.m2/repository/net/minidev/json-smart/2.3/json-smart-2.3.jar:/Users/stephanepiedjousimen/.m2/repository/net/minidev/accessors-smart/1.2/accessors-smart-1.2.jar:/Users/stephanepiedjousimen/.m2/repository/org/ow2/asm/asm/5.0.4/asm-5.0.4.jar:/Users/stephanepiedjousimen/.m2/repository/jakarta/xml/bind/jakarta.xml.bind-api/2.3.3/jakarta.xml.bind-api-2.3.3.jar:/Users/stephanepiedjousimen/.m2/repository/jakarta/activation/jakarta.activation-api/1.2.2/jakarta.activation-api-1.2.2.jar:/Users/stephanepiedjousimen/.m2/repository/org/junit/jupiter/junit-jupiter/5.5.2/junit-jupiter-5.5.2.jar:/Users/stephanepiedjousimen/.m2/repository/org/junit/jupiter/junit-jupiter-api/5.5.2/junit-jupiter-api-5.5.2.jar:/Users/stephanepiedjousimen/.m2/repository/org/apiguardian/apiguardian-api/1.1.0/apiguardian-api-1.1.0.jar:/Users/stephanepiedjousimen/.m2/repository/org/opentest4j/opentest4j/1.2.0/opentest4j-1.2.0.jar:/Users/stephanepiedjousimen/.m2/repository/org/junit/platform/junit-platform-commons/1.5.2/junit-platform-commons-1.5.2.jar:/Users/stephanepiedjousimen/.m2/repository/org/junit/jupiter/junit-jupiter-params/5.5.2/junit-jupiter-params-5.5.2.jar:/Users/stephanepiedjousimen/.m2/repository/org/junit/jupiter/junit-jupiter-engine/5.5.2/junit-jupiter-engine-5.5.2.jar:/Users/stephanepiedjousimen/.m2/repository/org/junit/platform/junit-platform-engine/1.5.2/junit-platform-engine-1.5.2.jar:/Users/stephanepiedjousimen/.m2/repository/org/mockito/mockito-junit-jupiter/3.1.0/mockito-junit-jupiter-3.1.0.jar:/Users/stephanepiedjousimen/.m2/repository/org/assertj/assertj-core/3.13.2/assertj-core-3.13.2.jar:/Users/stephanepiedjousimen/.m2/repository/org/hamcrest/hamcrest/2.1/hamcrest-2.1.jar:/Users/stephanepiedjousimen/.m2/repository/org/mockito/mockito-core/3.1.0/mockito-core-3.1.0.jar:/Users/stephanepiedjousimen/.m2/repository/net/bytebuddy/byte-buddy-agent/1.10.11/byte-buddy-agent-1.10.11.jar:/Users/stephanepiedjousimen/.m2/repository/org/objenesis/objenesis/2.6/objenesis-2.6.jar:/Users/stephanepiedjousimen/.m2/repository/org/skyscreamer/jsonassert/1.5.0/jsonassert-1.5.0.jar:/Users/stephanepiedjousimen/.m2/repository/com/vaadin/external/google/android-json/0.0.20131108.vaadin1/android-json-0.0.20131108.vaadin1.jar:/Users/stephanepiedjousimen/.m2/repository/org/springframework/spring-core/5.2.7.RELEASE/spring-core-5.2.7.RELEASE.jar:/Users/stephanepiedjousimen/.m2/repository/org/springframework/spring-test/5.2.7.RELEASE/spring-test-5.2.7.RELEASE.jar:/Users/stephanepiedjousimen/.m2/repository/org/xmlunit/xmlunit-core/2.6.4/xmlunit-core-2.6.4.jar:/Users/stephanepiedjousimen/.m2/repository/org/springframework/security/spring-security-test/5.2.5.RELEASE/spring-security-test-5.2.5.RELEASE.jar:/Users/stephanepiedjousimen/.m2/repository/org/springframework/security/spring-security-core/5.2.5.RELEASE/spring-security-core-5.2.5.RELEASE.jar:/Users/stephanepiedjousimen/.m2/repository/junit/junit/4.12/junit-4.12.jar:/Users/stephanepiedjousimen/.m2/repository/org/hamcrest/hamcrest-core/2.1/hamcrest-core-2.1.jar:"/>
    <property name="java.vm.vendor" value="Amazon.com Inc."/>
    <property name="sun.arch.data.model" value="64"/>
    <property name="java.vendor.url" value="https://aws.amazon.com/corretto/"/>
    <property name="user.timezone" value=""/>
    <property name="java.vm.specification.version" value="11"/>
    <property name="os.name" value="Mac OS X"/>
    <property name="sun.java.launcher" value="SUN_STANDARD"/>
    <property name="user.country" value="GB"/>
    <property name="sun.boot.library.path" value="/Users/stephanepiedjousimen/Library/Java/JavaVirtualMachines/corretto-11.0.10/Contents/Home/lib"/>
    <property name="sun.java.command" value="/Users/stephanepiedjousimen/Documents/Personal/Consultancies/BopUniv/BopUniv_server/target/surefire/surefirebooter7205685185262911983.jar /Users/stephanepiedjousimen/Documents/Personal/Consultancies/BopUniv/BopUniv_server/target/surefire 2021-04-04T11-55-11_222-jvmRun1 surefire16836662008306774279tmp surefire_015268334960919289268tmp"/>
    <property name="http.nonProxyHosts" value="local|*.local|169.254/16|*.169.254/16"/>
    <property name="jdk.debug" value="release"/>
    <property name="surefire.test.class.path" value="/Users/stephanepiedjousimen/Documents/Personal/Consultancies/BopUniv/BopUniv_server/target/test-classes:/Users/stephanepiedjousimen/Documents/Personal/Consultancies/BopUniv/BopUniv_server/target/classes:/Users/stephanepiedjousimen/.m2/repository/org/springframework/boot/spring-boot-starter-actuator/2.2.8.BUILD-SNAPSHOT/spring-boot-starter-actuator-2.2.8.BUILD-SNAPSHOT.jar:/Users/stephanepiedjousimen/.m2/repository/org/springframework/boot/spring-boot-starter/2.2.8.BUILD-SNAPSHOT/spring-boot-starter-2.2.8.BUILD-SNAPSHOT.jar:/Users/stephanepiedjousimen/.m2/repository/org/springframework/boot/spring-boot-starter-logging/2.2.8.BUILD-SNAPSHOT/spring-boot-starter-logging-2.2.8.BUILD-SNAPSHOT.jar:/Users/stephanepiedjousimen/.m2/repository/ch/qos/logback/logback-classic/1.2.3/logback-classic-1.2.3.jar:/Users/stephanepiedjousimen/.m2/repository/ch/qos/logback/logback-core/1.2.3/logback-core-1.2.3.jar:/Users/stephanepiedjousimen/.m2/repository/org/apache/logging/log4j/log4j-to-slf4j/2.12.1/log4j-to-slf4j-2.12.1.jar:/Users/stephanepiedjousimen/.m2/repository/org/apache/logging/log4j/log4j-api/2.12.1/log4j-api-2.12.1.jar:/Users/stephanepiedjousimen/.m2/repository/org/slf4j/jul-to-slf4j/1.7.30/jul-to-slf4j-1.7.30.jar:/Users/stephanepiedjousimen/.m2/repository/jakarta/annotation/jakarta.annotation-api/1.3.5/jakarta.annotation-api-1.3.5.jar:/Users/stephanepiedjousimen/.m2/repository/org/springframework/boot/spring-boot-actuator-autoconfigure/2.2.8.BUILD-SNAPSHOT/spring-boot-actuator-autoconfigure-2.2.8.BUILD-SNAPSHOT.jar:/Users/stephanepiedjousimen/.m2/repository/org/springframework/boot/spring-boot-actuator/2.2.8.BUILD-SNAPSHOT/spring-boot-actuator-2.2.8.BUILD-SNAPSHOT.jar:/Users/stephanepiedjousimen/.m2/repository/org/springframework/spring-context/5.2.7.RELEASE/spring-context-5.2.7.RELEASE.jar:/Users/stephanepiedjousimen/.m2/repository/com/fasterxml/jackson/datatype/jackson-datatype-jsr310/2.10.4/jackson-datatype-jsr310-2.10.4.jar:/Users/stephanepiedjousimen/.m2/repository/io/micrometer/micrometer-core/1.3.9/micrometer-core-1.3.9.jar:/Users/stephanepiedjousimen/.m2/repository/org/hdrhistogram/HdrHistogram/2.1.11/HdrHistogram-2.1.11.jar:/Users/stephanepiedjousimen/.m2/repository/org/latencyutils/LatencyUtils/2.0.3/LatencyUtils-2.0.3.jar:/Users/stephanepiedjousimen/.m2/repository/org/springframework/boot/spring-boot-starter-data-jpa/2.2.8.BUILD-SNAPSHOT/spring-boot-starter-data-jpa-2.2.8.BUILD-SNAPSHOT.jar:/Users/stephanepiedjousimen/.m2/repository/org/springframework/boot/spring-boot-starter-aop/2.2.8.BUILD-SNAPSHOT/spring-boot-starter-aop-2.2.8.BUILD-SNAPSHOT.jar:/Users/stephanepiedjousimen/.m2/repository/org/aspectj/aspectjweaver/1.9.5/aspectjweaver-1.9.5.jar:/Users/stephanepiedjousimen/.m2/repository/org/springframework/boot/spring-boot-starter-jdbc/2.2.8.BUILD-SNAPSHOT/spring-boot-starter-jdbc-2.2.8.BUILD-SNAPSHOT.jar:/Users/stephanepiedjousimen/.m2/repository/com/zaxxer/HikariCP/3.4.5/HikariCP-3.4.5.jar:/Users/stephanepiedjousimen/.m2/repository/org/springframework/spring-jdbc/5.2.7.RELEASE/spring-jdbc-5.2.7.RELEASE.jar:/Users/stephanepiedjousimen/.m2/repository/jakarta/persistence/jakarta.persistence-api/2.2.3/jakarta.persistence-api-2.2.3.jar:/Users/stephanepiedjousimen/.m2/repository/jakarta/transaction/jakarta.transaction-api/1.3.3/jakarta.transaction-api-1.3.3.jar:/Users/stephanepiedjousimen/.m2/repository/org/hibernate/hibernate-core/5.4.17.Final/hibernate-core-5.4.17.Final.jar:/Users/stephanepiedjousimen/.m2/repository/org/jboss/logging/jboss-logging/3.4.1.Final/jboss-logging-3.4.1.Final.jar:/Users/stephanepiedjousimen/.m2/repository/org/javassist/javassist/3.24.0-GA/javassist-3.24.0-GA.jar:/Users/stephanepiedjousimen/.m2/repository/net/bytebuddy/byte-buddy/1.10.11/byte-buddy-1.10.11.jar:/Users/stephanepiedjousimen/.m2/repository/antlr/antlr/2.7.7/antlr-2.7.7.jar:/Users/stephanepiedjousimen/.m2/repository/org/jboss/jandex/2.1.3.Final/jandex-2.1.3.Final.jar:/Users/stephanepiedjousimen/.m2/repository/com/fasterxml/classmate/1.5.1/classmate-1.5.1.jar:/Users/stephanepiedjousimen/.m2/repository/org/dom4j/dom4j/2.1.3/dom4j-2.1.3.jar:/Users/stephanepiedjousimen/.m2/repository/org/hibernate/common/hibernate-commons-annotations/5.1.0.Final/hibernate-commons-annotations-5.1.0.Final.jar:/Users/stephanepiedjousimen/.m2/repository/org/glassfish/jaxb/jaxb-runtime/2.3.3/jaxb-runtime-2.3.3.jar:/Users/stephanepiedjousimen/.m2/repository/org/glassfish/jaxb/txw2/2.3.3/txw2-2.3.3.jar:/Users/stephanepiedjousimen/.m2/repository/com/sun/istack/istack-commons-runtime/3.0.11/istack-commons-runtime-3.0.11.jar:/Users/stephanepiedjousimen/.m2/repository/org/springframework/data/spring-data-jpa/2.2.8.RELEASE/spring-data-jpa-2.2.8.RELEASE.jar:/Users/stephanepiedjousimen/.m2/repository/org/springframework/data/spring-data-commons/2.2.8.RELEASE/spring-data-commons-2.2.8.RELEASE.jar:/Users/stephanepiedjousimen/.m2/repository/org/springframework/spring-orm/5.2.7.RELEASE/spring-orm-5.2.7.RELEASE.jar:/Users/stephanepiedjousimen/.m2/repository/org/springframework/spring-tx/5.2.7.RELEASE/spring-tx-5.2.7.RELEASE.jar:/Users/stephanepiedjousimen/.m2/repository/org/springframework/spring-beans/5.2.7.RELEASE/spring-beans-5.2.7.RELEASE.jar:/Users/stephanepiedjousimen/.m2/repository/org/springframework/spring-aspects/5.2.7.RELEASE/spring-aspects-5.2.7.RELEASE.jar:/Users/stephanepiedjousimen/.m2/repository/org/springframework/boot/spring-boot-starter-data-rest/2.2.8.BUILD-SNAPSHOT/spring-boot-starter-data-rest-2.2.8.BUILD-SNAPSHOT.jar:/Users/stephanepiedjousimen/.m2/repository/org/springframework/data/spring-data-rest-webmvc/3.2.8.RELEASE/spring-data-rest-webmvc-3.2.8.RELEASE.jar:/Users/stephanepiedjousimen/.m2/repository/org/springframework/data/spring-data-rest-core/3.2.8.RELEASE/spring-data-rest-core-3.2.8.RELEASE.jar:/Users/stephanepiedjousimen/.m2/repository/org/atteo/evo-inflector/1.2.2/evo-inflector-1.2.2.jar:/Users/stephanepiedjousimen/.m2/repository/org/springframework/boot/spring-boot-starter-hateoas/2.2.8.BUILD-SNAPSHOT/spring-boot-starter-hateoas-2.2.8.BUILD-SNAPSHOT.jar:/Users/stephanepiedjousimen/.m2/repository/org/springframework/hateoas/spring-hateoas/1.0.5.RELEASE/spring-hateoas-1.0.5.RELEASE.jar:/Users/stephanepiedjousimen/.m2/repository/org/springframework/plugin/spring-plugin-core/2.0.0.RELEASE/spring-plugin-core-2.0.0.RELEASE.jar:/Users/stephanepiedjousimen/.m2/repository/org/springframework/boot/spring-boot-starter-mail/2.2.8.BUILD-SNAPSHOT/spring-boot-starter-mail-2.2.8.BUILD-SNAPSHOT.jar:/Users/stephanepiedjousimen/.m2/repository/org/springframework/spring-context-support/5.2.7.RELEASE/spring-context-support-5.2.7.RELEASE.jar:/Users/stephanepiedjousimen/.m2/repository/com/sun/mail/jakarta.mail/1.6.5/jakarta.mail-1.6.5.jar:/Users/stephanepiedjousimen/.m2/repository/com/sun/activation/jakarta.activation/1.2.2/jakarta.activation-1.2.2.jar:/Users/stephanepiedjousimen/.m2/repository/org/springframework/boot/spring-boot-starter-security/2.2.8.BUILD-SNAPSHOT/spring-boot-starter-security-2.2.8.BUILD-SNAPSHOT.jar:/Users/stephanepiedjousimen/.m2/repository/org/springframework/spring-aop/5.2.7.RELEASE/spring-aop-5.2.7.RELEASE.jar:/Users/stephanepiedjousimen/.m2/repository/org/springframework/security/spring-security-config/5.2.5.RELEASE/spring-security-config-5.2.5.RELEASE.jar:/Users/stephanepiedjousimen/.m2/repository/org/springframework/security/spring-security-web/5.2.5.RELEASE/spring-security-web-5.2.5.RELEASE.jar:/Users/stephanepiedjousimen/.m2/repository/org/springframework/spring-expression/5.2.7.RELEASE/spring-expression-5.2.7.RELEASE.jar:/Users/stephanepiedjousimen/.m2/repository/org/thymeleaf/extras/thymeleaf-extras-springsecurity5/3.0.4.RELEASE/thymeleaf-extras-springsecurity5-3.0.4.RELEASE.jar:/Users/stephanepiedjousimen/.m2/repository/org/slf4j/slf4j-api/1.7.30/slf4j-api-1.7.30.jar:/Users/stephanepiedjousimen/.m2/repository/org/springframework/boot/spring-boot-starter-web/2.2.8.BUILD-SNAPSHOT/spring-boot-starter-web-2.2.8.BUILD-SNAPSHOT.jar:/Users/stephanepiedjousimen/.m2/repository/org/springframework/boot/spring-boot-starter-json/2.2.8.BUILD-SNAPSHOT/spring-boot-starter-json-2.2.8.BUILD-SNAPSHOT.jar:/Users/stephanepiedjousimen/.m2/repository/com/fasterxml/jackson/datatype/jackson-datatype-jdk8/2.10.4/jackson-datatype-jdk8-2.10.4.jar:/Users/stephanepiedjousimen/.m2/repository/com/fasterxml/jackson/module/jackson-module-parameter-names/2.10.4/jackson-module-parameter-names-2.10.4.jar:/Users/stephanepiedjousimen/.m2/repository/org/springframework/boot/spring-boot-starter-tomcat/2.2.8.BUILD-SNAPSHOT/spring-boot-starter-tomcat-2.2.8.BUILD-SNAPSHOT.jar:/Users/stephanepiedjousimen/.m2/repository/org/apache/tomcat/embed/tomcat-embed-core/9.0.36/tomcat-embed-core-9.0.36.jar:/Users/stephanepiedjousimen/.m2/repository/org/apache/tomcat/embed/tomcat-embed-websocket/9.0.36/tomcat-embed-websocket-9.0.36.jar:/Users/stephanepiedjousimen/.m2/repository/org/springframework/spring-web/5.2.7.RELEASE/spring-web-5.2.7.RELEASE.jar:/Users/stephanepiedjousimen/.m2/repository/org/springframework/spring-webmvc/5.2.7.RELEASE/spring-webmvc-5.2.7.RELEASE.jar:/Users/stephanepiedjousimen/.m2/repository/com/amazonaws/aws-java-sdk-ses/1.11.415/aws-java-sdk-ses-1.11.415.jar:/Users/stephanepiedjousimen/.m2/repository/com/amazonaws/aws-java-sdk-core/1.11.415/aws-java-sdk-core-1.11.415.jar:/Users/stephanepiedjousimen/.m2/repository/software/amazon/ion/ion-java/1.0.2/ion-java-1.0.2.jar:/Users/stephanepiedjousimen/.m2/repository/com/fasterxml/jackson/dataformat/jackson-dataformat-cbor/2.10.4/jackson-dataformat-cbor-2.10.4.jar:/Users/stephanepiedjousimen/.m2/repository/joda-time/joda-time/2.10.6/joda-time-2.10.6.jar:/Users/stephanepiedjousimen/.m2/repository/com/amazonaws/jmespath-java/1.11.415/jmespath-java-1.11.415.jar:/Users/stephanepiedjousimen/.m2/repository/org/springframework/boot/spring-boot-starter-validation/2.2.8.BUILD-SNAPSHOT/spring-boot-starter-validation-2.2.8.BUILD-SNAPSHOT.jar:/Users/stephanepiedjousimen/.m2/repository/jakarta/validation/jakarta.validation-api/2.0.2/jakarta.validation-api-2.0.2.jar:/Users/stephanepiedjousimen/.m2/repository/org/apache/tomcat/embed/tomcat-embed-el/9.0.36/tomcat-embed-el-9.0.36.jar:/Users/stephanepiedjousimen/.m2/repository/org/hibernate/validator/hibernate-validator/6.0.20.Final/hibernate-validator-6.0.20.Final.jar:/Users/stephanepiedjousimen/.m2/repository/org/springframework/boot/spring-boot-starter-thymeleaf/2.2.8.BUILD-SNAPSHOT/spring-boot-starter-thymeleaf-2.2.8.BUILD-SNAPSHOT.jar:/Users/stephanepiedjousimen/.m2/repository/org/thymeleaf/thymeleaf-spring5/3.0.11.RELEASE/thymeleaf-spring5-3.0.11.RELEASE.jar:/Users/stephanepiedjousimen/.m2/repository/org/thymeleaf/thymeleaf/3.0.11.RELEASE/thymeleaf-3.0.11.RELEASE.jar:/Users/stephanepiedjousimen/.m2/repository/org/attoparser/attoparser/2.0.5.RELEASE/attoparser-2.0.5.RELEASE.jar:/Users/stephanepiedjousimen/.m2/repository/org/unbescape/unbescape/1.1.6.RELEASE/unbescape-1.1.6.RELEASE.jar:/Users/stephanepiedjousimen/.m2/repository/org/thymeleaf/extras/thymeleaf-extras-java8time/3.0.4.RELEASE/thymeleaf-extras-java8time-3.0.4.RELEASE.jar:/Users/stephanepiedjousimen/.m2/repository/org/springframework/session/spring-session-core/2.2.2.RELEASE/spring-session-core-2.2.2.RELEASE.jar:/Users/stephanepiedjousimen/.m2/repository/org/springframework/spring-jcl/5.2.7.RELEASE/spring-jcl-5.2.7.RELEASE.jar:/Users/stephanepiedjousimen/.m2/repository/org/springframework/boot/spring-boot-devtools/2.2.8.BUILD-SNAPSHOT/spring-boot-devtools-2.2.8.BUILD-SNAPSHOT.jar:/Users/stephanepiedjousimen/.m2/repository/org/springframework/boot/spring-boot/2.2.8.BUILD-SNAPSHOT/spring-boot-2.2.8.BUILD-SNAPSHOT.jar:/Users/stephanepiedjousimen/.m2/repository/org/springframework/boot/spring-boot-autoconfigure/2.2.8.BUILD-SNAPSHOT/spring-boot-autoconfigure-2.2.8.BUILD-SNAPSHOT.jar:/Users/stephanepiedjousimen/.m2/repository/com/h2database/h2/1.4.200/h2-1.4.200.jar:/Users/stephanepiedjousimen/.m2/repository/mysql/mysql-connector-java/8.0.20/mysql-connector-java-8.0.20.jar:/Users/stephanepiedjousimen/.m2/repository/org/jboss/aerogear/aerogear-otp-java/1.0.0/aerogear-otp-java-1.0.0.jar:/Users/stephanepiedjousimen/.m2/repository/com/maxmind/geoip2/geoip2/2.12.0/geoip2-2.12.0.jar:/Users/stephanepiedjousimen/.m2/repository/com/maxmind/db/maxmind-db/1.2.2/maxmind-db-1.2.2.jar:/Users/stephanepiedjousimen/.m2/repository/org/apache/httpcomponents/httpclient/4.5.12/httpclient-4.5.12.jar:/Users/stephanepiedjousimen/.m2/repository/org/apache/httpcomponents/httpcore/4.4.13/httpcore-4.4.13.jar:/Users/stephanepiedjousimen/.m2/repository/commons-codec/commons-codec/1.13/commons-codec-1.13.jar:/Users/stephanepiedjousimen/.m2/repository/com/fasterxml/jackson/core/jackson-databind/2.10.4/jackson-databind-2.10.4.jar:/Users/stephanepiedjousimen/.m2/repository/com/fasterxml/jackson/core/jackson-core/2.10.4/jackson-core-2.10.4.jar:/Users/stephanepiedjousimen/.m2/repository/com/fasterxml/jackson/core/jackson-annotations/2.10.4/jackson-annotations-2.10.4.jar:/Users/stephanepiedjousimen/.m2/repository/com/github/ua-parser/uap-java/1.4.0/uap-java-1.4.0.jar:/Users/stephanepiedjousimen/.m2/repository/org/yaml/snakeyaml/1.25/snakeyaml-1.25.jar:/Users/stephanepiedjousimen/.m2/repository/org/apache/commons/commons-collections4/4.1/commons-collections4-4.1.jar:/Users/stephanepiedjousimen/.m2/repository/javax/el/el-api/2.2/el-api-2.2.jar:/Users/stephanepiedjousimen/.m2/repository/org/passay/passay/1.0/passay-1.0.jar:/Users/stephanepiedjousimen/.m2/repository/org/cryptacular/cryptacular/1.0/cryptacular-1.0.jar:/Users/stephanepiedjousimen/.m2/repository/org/bouncycastle/bcprov-jdk15on/1.50/bcprov-jdk15on-1.50.jar:/Users/stephanepiedjousimen/.m2/repository/com/google/guava/guava/20.0/guava-20.0.jar:/Users/stephanepiedjousimen/.m2/repository/org/springframework/boot/spring-boot-starter-test/2.2.8.BUILD-SNAPSHOT/spring-boot-starter-test-2.2.8.BUILD-SNAPSHOT.jar:/Users/stephanepiedjousimen/.m2/repository/org/springframework/boot/spring-boot-test/2.2.8.BUILD-SNAPSHOT/spring-boot-test-2.2.8.BUILD-SNAPSHOT.jar:/Users/stephanepiedjousimen/.m2/repository/org/springframework/boot/spring-boot-test-autoconfigure/2.2.8.BUILD-SNAPSHOT/spring-boot-test-autoconfigure-2.2.8.BUILD-SNAPSHOT.jar:/Users/stephanepiedjousimen/.m2/repository/com/jayway/jsonpath/json-path/2.4.0/json-path-2.4.0.jar:/Users/stephanepiedjousimen/.m2/repository/net/minidev/json-smart/2.3/json-smart-2.3.jar:/Users/stephanepiedjousimen/.m2/repository/net/minidev/accessors-smart/1.2/accessors-smart-1.2.jar:/Users/stephanepiedjousimen/.m2/repository/org/ow2/asm/asm/5.0.4/asm-5.0.4.jar:/Users/stephanepiedjousimen/.m2/repository/jakarta/xml/bind/jakarta.xml.bind-api/2.3.3/jakarta.xml.bind-api-2.3.3.jar:/Users/stephanepiedjousimen/.m2/repository/jakarta/activation/jakarta.activation-api/1.2.2/jakarta.activation-api-1.2.2.jar:/Users/stephanepiedjousimen/.m2/repository/org/junit/jupiter/junit-jupiter/5.5.2/junit-jupiter-5.5.2.jar:/Users/stephanepiedjousimen/.m2/repository/org/junit/jupiter/junit-jupiter-api/5.5.2/junit-jupiter-api-5.5.2.jar:/Users/stephanepiedjousimen/.m2/repository/org/apiguardian/apiguardian-api/1.1.0/apiguardian-api-1.1.0.jar:/Users/stephanepiedjousimen/.m2/repository/org/opentest4j/opentest4j/1.2.0/opentest4j-1.2.0.jar:/Users/stephanepiedjousimen/.m2/repository/org/junit/platform/junit-platform-commons/1.5.2/junit-platform-commons-1.5.2.jar:/Users/stephanepiedjousimen/.m2/repository/org/junit/jupiter/junit-jupiter-params/5.5.2/junit-jupiter-params-5.5.2.jar:/Users/stephanepiedjousimen/.m2/repository/org/junit/jupiter/junit-jupiter-engine/5.5.2/junit-jupiter-engine-5.5.2.jar:/Users/stephanepiedjousimen/.m2/repository/org/junit/platform/junit-platform-engine/1.5.2/junit-platform-engine-1.5.2.jar:/Users/stephanepiedjousimen/.m2/repository/org/mockito/mockito-junit-jupiter/3.1.0/mockito-junit-jupiter-3.1.0.jar:/Users/stephanepiedjousimen/.m2/repository/org/assertj/assertj-core/3.13.2/assertj-core-3.13.2.jar:/Users/stephanepiedjousimen/.m2/repository/org/hamcrest/hamcrest/2.1/hamcrest-2.1.jar:/Users/stephanepiedjousimen/.m2/repository/org/mockito/mockito-core/3.1.0/mockito-core-3.1.0.jar:/Users/stephanepiedjousimen/.m2/repository/net/bytebuddy/byte-buddy-agent/1.10.11/byte-buddy-agent-1.10.11.jar:/Users/stephanepiedjousimen/.m2/repository/org/objenesis/objenesis/2.6/objenesis-2.6.jar:/Users/stephanepiedjousimen/.m2/repository/org/skyscreamer/jsonassert/1.5.0/jsonassert-1.5.0.jar:/Users/stephanepiedjousimen/.m2/repository/com/vaadin/external/google/android-json/0.0.20131108.vaadin1/android-json-0.0.20131108.vaadin1.jar:/Users/stephanepiedjousimen/.m2/repository/org/springframework/spring-core/5.2.7.RELEASE/spring-core-5.2.7.RELEASE.jar:/Users/stephanepiedjousimen/.m2/repository/org/springframework/spring-test/5.2.7.RELEASE/spring-test-5.2.7.RELEASE.jar:/Users/stephanepiedjousimen/.m2/repository/org/xmlunit/xmlunit-core/2.6.4/xmlunit-core-2.6.4.jar:/Users/stephanepiedjousimen/.m2/repository/org/springframework/security/spring-security-test/5.2.5.RELEASE/spring-security-test-5.2.5.RELEASE.jar:/Users/stephanepiedjousimen/.m2/repository/org/springframework/security/spring-security-core/5.2.5.RELEASE/spring-security-core-5.2.5.RELEASE.jar:/Users/stephanepiedjousimen/.m2/repository/junit/junit/4.12/junit-4.12.jar:/Users/stephanepiedjousimen/.m2/repository/org/hamcrest/hamcrest-core/2.1/hamcrest-core-2.1.jar:"/>
    <property name="sun.cpu.endian" value="little"/>
    <property name="user.home" value="/Users/stephanepiedjousimen"/>
    <property name="user.language" value="en"/>
    <property name="java.specification.vendor" value="Oracle Corporation"/>
    <property name="java.version.date" value="2021-01-19"/>
    <property name="java.home" value="/Users/stephanepiedjousimen/Library/Java/JavaVirtualMachines/corretto-11.0.10/Contents/Home"/>
    <property name="file.separator" value="/"/>
    <property name="basedir" value="/Users/stephanepiedjousimen/Documents/Personal/Consultancies/BopUniv/BopUniv_server"/>
    <property name="java.vm.compressedOopsMode" value="Zero based"/>
    <property name="line.separator" value="&#10;"/>
    <property name="java.specification.name" value="Java Platform API Specification"/>
    <property name="java.vm.specification.vendor" value="Oracle Corporation"/>
    <property name="java.awt.graphicsenv" value="sun.awt.CGraphicsEnvironment"/>
    <property name="surefire.real.class.path" value="/Users/stephanepiedjousimen/Documents/Personal/Consultancies/BopUniv/BopUniv_server/target/surefire/surefirebooter7205685185262911983.jar"/>
    <property name="sun.management.compiler" value="HotSpot 64-Bit Tiered Compilers"/>
    <property name="ftp.nonProxyHosts" value="local|*.local|169.254/16|*.169.254/16"/>
    <property name="java.runtime.version" value="11.0.10+9-LTS"/>
    <property name="user.name" value="stephanepiedjousimen"/>
    <property name="path.separator" value=":"/>
    <property name="os.version" value="10.16"/>
    <property name="java.runtime.name" value="OpenJDK Runtime Environment"/>
    <property name="file.encoding" value="UTF-8"/>
    <property name="java.vm.name" value="OpenJDK 64-Bit Server VM"/>
    <property name="java.vendor.version" value="Corretto-11.0.10.9.1"/>
    <property name="localRepository" value="/Users/stephanepiedjousimen/.m2/repository"/>
    <property name="java.vendor.url.bug" value="https://github.com/corretto/corretto-11/issues/"/>
    <property name="java.io.tmpdir" value="/var/folders/tc/p97hq_yj0d5ggr5y5bx3g4jc0000gn/T/"/>
    <property name="java.version" value="11.0.10"/>
    <property name="user.dir" value="/Users/stephanepiedjousimen/Documents/Personal/Consultancies/BopUniv/BopUniv_server"/>
    <property name="os.arch" value="x86_64"/>
    <property name="java.vm.specification.name" value="Java Virtual Machine Specification"/>
    <property name="java.awt.printerjob" value="sun.lwawt.macosx.CPrinterJob"/>
    <property name="sun.os.patch.level" value="unknown"/>
    <property name="java.library.path" value="/Users/stephanepiedjousimen/Library/Java/Extensions:/Library/Java/Extensions:/Network/Library/Java/Extensions:/System/Library/Java/Extensions:/usr/lib/java:."/>
    <property name="java.vm.info" value="mixed mode"/>
    <property name="java.vendor" value="Amazon.com Inc."/>
    <property name="java.vm.version" value="11.0.10+9-LTS"/>
    <property name="sun.io.unicode.encoding" value="UnicodeBig"/>
    <property name="java.class.version" value="55.0"/>
    <property name="socksNonProxyHosts" value="local|*.local|169.254/16|*.169.254/16"/>
  </properties>
  <testcase name="contextLoads" classname="com.bopuniv.server.unitTest.TestingWebApplicationTests" time="0.18"/>
</testsuite>